#
# A fatal error has been detected by the Java Runtime Environment:
#
#  Internal Error (javaClasses.cpp:136), pid=8408, tid=4612
#  fatal error: Invalid layout of preloaded class
#
# JRE version:  (7.0_67-b01) (build )
# Java VM: Java HotSpot(TM) 64-Bit Server VM (24.65-b04 mixed mode windows-amd64 compressed oops)
# Failed to write core dump. Minidumps are not enabled by default on client versions of Windows
#
# If you would like to submit a bug report, please visit:
#   http://bugreport.sun.com/bugreport/crash.jsp
#

---------------  T H R E A D  ---------------

Current thread (0x000000000217e800):  JavaThread "Unknown thread" [_thread_in_vm, id=4612, stack(0x0000000002440000,0x0000000002540000)]

Stack: [0x0000000002440000,0x0000000002540000]
[error occurred during error reporting (printing stack bounds), id 0xc0000005]


---------------  P R O C E S S  ---------------

Java Threads: ( => current thread )

Other Threads:

=>0x000000000217e800 (exited) JavaThread "Unknown thread" [_thread_in_vm, id=4612, stack(0x0000000002440000,0x0000000002540000)]

VM state:not at safepoint (not fully initialized)

VM Mutex/Monitor currently owned by a thread: None

GC Heap History (0 events):
No events

Deoptimization events (0 events):
No events

Internal exceptions (0 events):
No events

Events (10 events):
Event: 0.016 loading class 0x000000000208b4b0 done
Event: 0.016 loading class 0x000000000208aed0 done
Event: 0.016 loading class 0x000000000208aeb0
Event: 0.017 loading class 0x0000000002093000
Event: 0.017 loading class 0x0000000002093000 done
Event: 0.017 loading class 0x0000000002093030
Event: 0.017 loading class 0x0000000002093030 done
Event: 0.017 loading class 0x0000000002093060
Event: 0.017 loading class 0x0000000002093060 done
Event: 0.017 loading class 0x000000000208aeb0 done


Dynamic libraries:
0x000000013f7a0000 - 0x000000013f7d3000 	C:\Java\jdk1.7.0_67\bin\javaw.exe
0x0000000077b90000 - 0x0000000077d39000 	C:\Windows\SYSTEM32\ntdll.dll
0x0000000077490000 - 0x00000000775af000 	C:\Windows\system32\kernel32.dll
0x000007fefe100000 - 0x000007fefe16c000 	C:\Windows\system32\KERNELBASE.dll
0x000007fefe340000 - 0x000007fefe41b000 	C:\Windows\system32\ADVAPI32.dll
0x000007fefe4b0000 - 0x000007fefe54f000 	C:\Windows\system32\msvcrt.dll
0x000007fefef60000 - 0x000007fefef7f000 	C:\Windows\SYSTEM32\sechost.dll
0x000007fefe550000 - 0x000007fefe67d000 	C:\Windows\system32\RPCRT4.dll
0x0000000077870000 - 0x000000007796a000 	C:\Windows\system32\USER32.dll
0x000007fefe700000 - 0x000007fefe767000 	C:\Windows\system32\GDI32.dll
0x000007fefec50000 - 0x000007fefec5e000 	C:\Windows\system32\LPK.dll
0x000007fefef90000 - 0x000007feff059000 	C:\Windows\system32\USP10.dll
0x000007fefc3c0000 - 0x000007fefc5b4000 	C:\Windows\WinSxS\amd64_microsoft.windows.common-controls_6595b64144ccf1df_6.0.7601.17514_none_fa396087175ac9ac\COMCTL32.dll
0x000007fefe680000 - 0x000007fefe6f1000 	C:\Windows\system32\SHLWAPI.dll
0x000007feffe70000 - 0x000007feffe9e000 	C:\Windows\system32\IMM32.DLL
0x000007fefe230000 - 0x000007fefe339000 	C:\Windows\system32\MSCTF.dll
0x000000006df20000 - 0x000000006dff2000 	C:\Java\jdk1.7.0_67\jre\bin\msvcr100.dll
0x0000000065380000 - 0x0000000065b52000 	C:\Java\jdk1.7.0_67\jre\bin\server\jvm.dll
0x000007fefb420000 - 0x000007fefb429000 	C:\Windows\system32\WSOCK32.dll
0x000007fefee70000 - 0x000007fefeebd000 	C:\Windows\system32\WS2_32.dll
0x000007fefef80000 - 0x000007fefef88000 	C:\Windows\system32\NSI.dll
0x000007fefe050000 - 0x000007fefe08b000 	C:\Windows\system32\WINMM.dll
0x0000000077d50000 - 0x0000000077d57000 	C:\Windows\system32\PSAPI.DLL
0x00000000729c0000 - 0x00000000729cf000 	C:\Java\jdk1.7.0_67\jre\bin\verify.dll
0x000000006eb20000 - 0x000000006eb48000 	C:\Java\jdk1.7.0_67\jre\bin\java.dll
0x000000006eb00000 - 0x000000006eb15000 	C:\Java\jdk1.7.0_67\jre\bin\zip.dll

VM Arguments:
jvm_args: -Dfile.encoding=GBK -Xbootclasspath:D:\资料\手机\andriodSDK\android-sdk-windows\platforms\android-19\android.jar 
java_command: com.weather.app.tool.ParseJSONWithJSONObject
Launcher Type: SUN_STANDARD

Environment Variables:
JAVA_HOME=C:\Java\jdk1.7.0_67
PATH=C:\Java\jdk1.7.0_67\bin;C:\Program Files (x86)\AMD APP\bin\x86_64;C:\Program Files (x86)\AMD APP\bin\x86;C:\Windows\system32;C:\Windows;C:\Windows\System32\Wbem;C:\Windows\System32\WindowsPowerShell\v1.0\;C:\Program Files (x86)\ATI Technologies\ATI.ACE\Core-Static;C:\strawberry\c\bin;C:\strawberry\perl\bin;C:\Program Files (x86)\Windows7Master;D:\nodejs\node;D:\资料\手机\andriodSDK\android-sdk-windows\platform-tools;
USERNAME=ldn
OS=Windows_NT
PROCESSOR_IDENTIFIER=AMD64 Family 21 Model 16 Stepping 1, AuthenticAMD



---------------  S Y S T E M  ---------------

OS: Windows 7 , 64 bit Build 7601 Service Pack 1

CPU:total 4 (4 cores per cpu, 1 threads per core) family 21 model 16 stepping 1, cmov, cx8, fxsr, mmx, sse, sse2, sse3, ssse3, sse4.1, sse4.2, popcnt, avx, aes, mmxext, 3dnowpref, lzcnt, sse4a, tsc, tscinvbit, tscinv

Memory: 4k page, physical 7549300k(1836772k free), swap 15096744k(7099364k free)

vm_info: Java HotSpot(TM) 64-Bit Server VM (24.65-b04) for windows-amd64 JRE (1.7.0_67-b01), built on Jul 25 2014 08:55:00 by "java_re" with unknown MS VC++:1600

time: Fri Mar 13 16:14:05 2015
elapsed time: 0 seconds

